c:\users\admin\desktop\16bytes-number\calculator\release\calculator.ipdb
c:\users\admin\desktop\16bytes-number\calculator\release\calculator.iobj
c:\users\admin\desktop\16bytes-number\calculator\release\vc142.pdb
c:\users\admin\desktop\16bytes-number\calculator\release\ultilitybtnhandle.obj
c:\users\admin\desktop\16bytes-number\calculator\release\qnum.obj
c:\users\admin\desktop\16bytes-number\calculator\release\qint.obj
c:\users\admin\desktop\16bytes-number\calculator\release\qfloat.obj
c:\users\admin\desktop\16bytes-number\calculator\release\filehandling.obj
c:\users\admin\desktop\16bytes-number\calculator\release\oprbtnhandle.obj
c:\users\admin\desktop\16bytes-number\calculator\release\numbtnhandle.obj
c:\users\admin\desktop\16bytes-number\calculator\release\calculatordlg.obj
c:\users\admin\desktop\16bytes-number\calculator\release\calculator.obj
c:\users\admin\desktop\16bytes-number\calculator\release\calculator.exe
c:\users\admin\desktop\16bytes-number\calculator\release\calculator.pdb
c:\users\admin\desktop\16bytes-number\calculator\release\calculator.res
c:\users\admin\desktop\16bytes-number\calculator\release\calculator.tlog\calculator.write.1u.tlog
c:\users\admin\desktop\16bytes-number\calculator\release\calculator.tlog\cl.command.1.tlog
c:\users\admin\desktop\16bytes-number\calculator\release\calculator.tlog\cl.read.1.tlog
c:\users\admin\desktop\16bytes-number\calculator\release\calculator.tlog\cl.write.1.tlog
c:\users\admin\desktop\16bytes-number\calculator\release\calculator.tlog\link.command.1.tlog
c:\users\admin\desktop\16bytes-number\calculator\release\calculator.tlog\link.read.1.tlog
c:\users\admin\desktop\16bytes-number\calculator\release\calculator.tlog\link.write.1.tlog
c:\users\admin\desktop\16bytes-number\calculator\release\calculator.tlog\rc.command.1.tlog
c:\users\admin\desktop\16bytes-number\calculator\release\calculator.tlog\rc.read.1.tlog
c:\users\admin\desktop\16bytes-number\calculator\release\calculator.tlog\rc.write.1.tlog
